Started GET "/" for ::1 at 2022-04-29 20:21:20 +0900
  [1m[35m (2.8ms)[0m  [1m[34mSELECT sqlite_version(*)[0m
Processing by Rails::WelcomeController#index as HTML
  Rendering /Users/kuuuuu/.rbenv/versions/3.0.4/lib/ruby/gems/3.0.0/gems/railties-6.1.5.1/lib/rails/templates/rails/welcome/index.html.erb
  Rendered /Users/kuuuuu/.rbenv/versions/3.0.4/lib/ruby/gems/3.0.0/gems/railties-6.1.5.1/lib/rails/templates/rails/welcome/index.html.erb (Duration: 13.9ms | Allocations: 599)
Completed 200 OK in 37ms (Views: 24.5ms | ActiveRecord: 0.0ms | Allocations: 4552)


Started GET "/" for ::1 at 2022-05-01 00:13:24 +0900
  [1m[35m (1.6ms)[0m  [1m[34mSELECT sqlite_version(*)[0m
Processing by TopController#index as HTML
  Rendering layout layouts/application.html.erb
  Rendering top/index.html.erb within layouts/application
  Rendered top/index.html.erb within layouts/application (Duration: 30.0ms | Allocations: 2879)
  Rendered layout layouts/application.html.erb (Duration: 30.3ms | Allocations: 2977)
Completed 500 Internal Server Error in 42ms (ActiveRecord: 0.0ms | Allocations: 6235)


  
ActionView::Template::Error (undefined method `each' for nil:NilClass):
    10:       <th colspan="3"></th>
    11:     </tr>
    12: 
    13:     <% @users.each do |user| %>
    14:       <tr>
    15:         <td scope="row"><%= user.name %></td>
    16:         <td scope="row"><%= user.address %></td>
  
app/views/top/index.html.erb:13
Started GET "/" for ::1 at 2022-05-01 00:14:07 +0900
Processing by TopController#index as HTML
  Rendering layout layouts/application.html.erb
  Rendering top/index.html.erb within layouts/application
  Rendered top/index.html.erb within layouts/application (Duration: 58.8ms | Allocations: 4127)
  Rendered layout layouts/application.html.erb (Duration: 59.1ms | Allocations: 4206)
Completed 500 Internal Server Error in 66ms (ActiveRecord: 0.0ms | Allocations: 5395)


  
ActionView::Template::Error (undefined local variable or method `new_user_path' for #<ActionView::Base:0x00000000006b30>):
    14: </table>
    15: <br>
    16: 
    17: <%= link_to 'New User', new_user_path, class: 'btn btn-primary btn-sm' %>
    18: 
    19: </div>
  
app/views/top/index.html.erb:17
Started GET "/" for ::1 at 2022-05-01 00:14:23 +0900
Processing by TopController#index as HTML
  Rendering layout layouts/application.html.erb
  Rendering top/index.html.erb within layouts/application
  Rendered top/index.html.erb within layouts/application (Duration: 1.2ms | Allocations: 462)
[Webpacker] Compiling...
[Webpacker] Compiled all packs in /Users/kuuuuu/Desktop/application/Yaeh/public/packs
[Webpacker] Hash: c9a872af3875fc21835a
Version: webpack 4.46.0
Time: 8002ms
Built at: 2022/05/01 0:14:34
                                     Asset       Size       Chunks                         Chunk Names
    js/application-c2b3470877998584fa0a.js   1.66 MiB  application  [emitted] [immutable]  application
js/application-c2b3470877998584fa0a.js.map   1.78 MiB  application  [emitted] [dev]        application
                             manifest.json  364 bytes               [emitted]              
Entrypoint application = js/application-c2b3470877998584fa0a.js js/application-c2b3470877998584fa0a.js.map
[./app/javascript/channels sync recursive _channel\.js$] ./app/javascript/channels sync _channel\.js$ 160 bytes {application} [built]
[./app/javascript/channels/index.js] 211 bytes {application} [built]
[./app/javascript/packs/application.js] 512 bytes {application} [built]
[./app/javascript/stylesheets/application.scss] 664 bytes {application} [built]
[./node_modules/css-loader/dist/cjs.js?!./node_modules/postcss-loader/src/index.js?!./node_modules/sass-loader/dist/cjs.js?!./app/javascript/stylesheets/application.scss] ./node_modules/css-loader/dist/cjs.js??ref--6-1!./node_modules/postcss-loader/src??ref--6-2!./node_modules/sass-loader/dist/cjs.js??ref--6-3!./app/javascript/stylesheets/application.scss 677 KiB {application} [built]
[./node_modules/webpack/buildin/global.js] (webpack)/buildin/global.js 863 bytes {application} [built]
[./node_modules/webpack/buildin/module.js] (webpack)/buildin/module.js 552 bytes {application} [built]
    + 114 hidden modules

  Rendered layout layouts/application.html.erb (Duration: 10716.7ms | Allocations: 3830)
Completed 200 OK in 10725ms (Views: 10721.3ms | ActiveRecord: 0.0ms | Allocations: 5090)


Started GET "/" for ::1 at 2022-05-01 00:14:39 +0900
Processing by TopController#index as HTML
  Rendering layout layouts/application.html.erb
  Rendering top/index.html.erb within layouts/application
  Rendered top/index.html.erb within layouts/application (Duration: 0.8ms | Allocations: 327)
[Webpacker] Everything's up-to-date. Nothing to do
  Rendered layout layouts/application.html.erb (Duration: 13.2ms | Allocations: 2536)
Completed 200 OK in 15ms (Views: 14.1ms | ActiveRecord: 0.0ms | Allocations: 2921)


Started GET "/" for ::1 at 2022-05-01 00:15:21 +0900
Processing by TopController#index as HTML
  Rendering layout layouts/application.html.erb
  Rendering top/index.html.erb within layouts/application
  Rendered top/index.html.erb within layouts/application (Duration: 4.3ms | Allocations: 846)
[Webpacker] Everything's up-to-date. Nothing to do
  Rendered layout layouts/application.html.erb (Duration: 25.8ms | Allocations: 3456)
Completed 200 OK in 35ms (Views: 31.5ms | ActiveRecord: 0.0ms | Allocations: 4704)


Started GET "/assets/lib/bootstrap/dist/css/bootstrap.min.css" for ::1 at 2022-05-01 00:15:21 +0900
  
ActionController::RoutingError (No route matches [GET] "/assets/lib/bootstrap/dist/css/bootstrap.min.css"):
  
Started GET "/assets/lib/owl.carousel/dist/assets/owl.carousel.min.css" for ::1 at 2022-05-01 00:15:21 +0900
Started GET "/assets/lib/animate.css/animate.css" for ::1 at 2022-05-01 00:15:21 +0900
Started GET "/assets/lib/components-font-awesome/css/font-awesome.min.css" for ::1 at 2022-05-01 00:15:21 +0900
Started GET "/assets/lib/et-line-font/et-line-font.css" for ::1 at 2022-05-01 00:15:21 +0900
  
ActionController::RoutingError (No route matches [GET] "/assets/lib/et-line-font/et-line-font.css"):
  
  
ActionController::RoutingError (No route matches [GET] "/assets/lib/owl.carousel/dist/assets/owl.carousel.min.css"):
  
  
ActionController::RoutingError (No route matches [GET] "/assets/lib/animate.css/animate.css"):
  
  
ActionController::RoutingError (No route matches [GET] "/assets/lib/components-font-awesome/css/font-awesome.min.css"):
  
Started GET "/assets/lib/owl.carousel/dist/assets/owl.theme.default.min.css" for ::1 at 2022-05-01 00:15:22 +0900
  
ActionController::RoutingError (No route matches [GET] "/assets/lib/owl.carousel/dist/assets/owl.theme.default.min.css"):
  
Started GET "/assets/lib/magnific-popup/dist/magnific-popup.css" for ::1 at 2022-05-01 00:15:22 +0900
Started GET "/assets/lib/flexslider/flexslider.css" for ::1 at 2022-05-01 00:15:22 +0900
  
ActionController::RoutingError (No route matches [GET] "/assets/lib/flexslider/flexslider.css"):
  
Started GET "/assets/lib/simple-text-rotator/simpletextrotator.css" for ::1 at 2022-05-01 00:15:22 +0900
  
ActionController::RoutingError (No route matches [GET] "/assets/lib/magnific-popup/dist/magnific-popup.css"):
  
Started GET "/assets/css/colors/default.css" for ::1 at 2022-05-01 00:15:22 +0900
  
ActionController::RoutingError (No route matches [GET] "/assets/lib/simple-text-rotator/simpletextrotator.css"):
  
  
ActionController::RoutingError (No route matches [GET] "/assets/css/colors/default.css"):
  
Started GET "/assets/css/style.css" for ::1 at 2022-05-01 00:15:22 +0900
  
ActionController::RoutingError (No route matches [GET] "/assets/css/style.css"):
  
Started GET "/assets/lib/jquery/dist/jquery.js" for ::1 at 2022-05-01 00:15:23 +0900
  
ActionController::RoutingError (No route matches [GET] "/assets/lib/jquery/dist/jquery.js"):
  
Started GET "/assets/lib/bootstrap/dist/js/bootstrap.min.js" for ::1 at 2022-05-01 00:15:23 +0900
  
ActionController::RoutingError (No route matches [GET] "/assets/lib/bootstrap/dist/js/bootstrap.min.js"):
  
Started GET "/assets/lib/wow/dist/wow.js" for ::1 at 2022-05-01 00:15:23 +0900
  
ActionController::RoutingError (No route matches [GET] "/assets/lib/wow/dist/wow.js"):
  
Started GET "/assets/lib/jquery.mb.ytplayer/dist/jquery.mb.YTPlayer.js" for ::1 at 2022-05-01 00:15:23 +0900
  
ActionController::RoutingError (No route matches [GET] "/assets/lib/jquery.mb.ytplayer/dist/jquery.mb.YTPlayer.js"):
  
Started GET "/assets/lib/isotope/dist/isotope.pkgd.js" for ::1 at 2022-05-01 00:15:23 +0900
  
ActionController::RoutingError (No route matches [GET] "/assets/lib/isotope/dist/isotope.pkgd.js"):
  
Started GET "/assets/lib/imagesloaded/imagesloaded.pkgd.js" for ::1 at 2022-05-01 00:15:23 +0900
Started GET "/assets/images/team-2.jpg" for ::1 at 2022-05-01 00:15:23 +0900
  
ActionController::RoutingError (No route matches [GET] "/assets/lib/imagesloaded/imagesloaded.pkgd.js"):
  
  
ActionController::RoutingError (No route matches [GET] "/assets/images/team-2.jpg"):
  
Started GET "/assets/images/team-3.jpg" for ::1 at 2022-05-01 00:15:24 +0900
  
ActionController::RoutingError (No route matches [GET] "/assets/images/team-3.jpg"):
  
Started GET "/assets/lib/flexslider/jquery.flexslider.js" for ::1 at 2022-05-01 00:15:24 +0900
  
ActionController::RoutingError (No route matches [GET] "/assets/lib/flexslider/jquery.flexslider.js"):
  
Started GET "/assets/images/team-4.jpg" for ::1 at 2022-05-01 00:15:24 +0900
  
ActionController::RoutingError (No route matches [GET] "/assets/images/team-4.jpg"):
  
Started GET "/assets/images/team-1.jpg" for ::1 at 2022-05-01 00:15:24 +0900
Started GET "/assets/lib/smoothscroll.js" for ::1 at 2022-05-01 00:15:24 +0900
  
ActionController::RoutingError (No route matches [GET] "/assets/images/team-1.jpg"):
  
  
ActionController::RoutingError (No route matches [GET] "/assets/lib/smoothscroll.js"):
  
Started GET "/assets/lib/magnific-popup/dist/jquery.magnific-popup.js" for ::1 at 2022-05-01 00:15:24 +0900
  
ActionController::RoutingError (No route matches [GET] "/assets/lib/magnific-popup/dist/jquery.magnific-popup.js"):
  
Started GET "/assets/lib/owl.carousel/dist/owl.carousel.min.js" for ::1 at 2022-05-01 00:15:25 +0900
  
ActionController::RoutingError (No route matches [GET] "/assets/lib/owl.carousel/dist/owl.carousel.min.js"):
  
Started GET "/assets/js/plugins.js" for ::1 at 2022-05-01 00:15:25 +0900
  
ActionController::RoutingError (No route matches [GET] "/assets/js/plugins.js"):
  
Started GET "/assets/js/main.js" for ::1 at 2022-05-01 00:15:25 +0900
  
ActionController::RoutingError (No route matches [GET] "/assets/js/main.js"):
  
Started GET "/assets/images/rp-1.jpg" for ::1 at 2022-05-01 00:15:25 +0900
Started GET "/assets/images/rp-2.jpg" for ::1 at 2022-05-01 00:15:25 +0900
  
ActionController::RoutingError (No route matches [GET] "/assets/images/rp-1.jpg"):
  
  
ActionController::RoutingError (No route matches [GET] "/assets/images/rp-2.jpg"):
  
Started GET "/assets/lib/simple-text-rotator/jquery.simple-text-rotator.min.js" for ::1 at 2022-05-01 00:15:25 +0900
  
ActionController::RoutingError (No route matches [GET] "/assets/lib/simple-text-rotator/jquery.simple-text-rotator.min.js"):
  
Started GET "/index.html" for ::1 at 2022-05-01 00:15:34 +0900
  
ActionController::RoutingError (No route matches [GET] "/index.html"):
  
Started GET "/" for ::1 at 2022-05-01 00:15:37 +0900
Processing by TopController#index as HTML
  Rendering layout layouts/application.html.erb
  Rendering top/index.html.erb within layouts/application
  Rendered top/index.html.erb within layouts/application (Duration: 0.1ms | Allocations: 38)
[Webpacker] Everything's up-to-date. Nothing to do
  Rendered layout layouts/application.html.erb (Duration: 14.7ms | Allocations: 2359)
Completed 200 OK in 16ms (Views: 15.6ms | ActiveRecord: 0.0ms | Allocations: 2729)


Started GET "/assets/lib/bootstrap/dist/css/bootstrap.min.css" for ::1 at 2022-05-01 00:15:37 +0900
  
ActionController::RoutingError (No route matches [GET] "/assets/lib/bootstrap/dist/css/bootstrap.min.css"):
  
Started GET "/assets/lib/animate.css/animate.css" for ::1 at 2022-05-01 00:15:37 +0900
Started GET "/assets/lib/et-line-font/et-line-font.css" for ::1 at 2022-05-01 00:15:37 +0900
Started GET "/assets/lib/owl.carousel/dist/assets/owl.theme.default.min.css" for ::1 at 2022-05-01 00:15:37 +0900
  
ActionController::RoutingError (No route matches [GET] "/assets/lib/animate.css/animate.css"):
  
Started GET "/assets/lib/flexslider/flexslider.css" for ::1 at 2022-05-01 00:15:37 +0900
  
ActionController::RoutingError (No route matches [GET] "/assets/lib/et-line-font/et-line-font.css"):
  
  
ActionController::RoutingError (No route matches [GET] "/assets/lib/owl.carousel/dist/assets/owl.theme.default.min.css"):
  
  
ActionController::RoutingError (No route matches [GET] "/assets/lib/flexslider/flexslider.css"):
  
Started GET "/assets/lib/owl.carousel/dist/assets/owl.carousel.min.css" for ::1 at 2022-05-01 00:15:38 +0900
Started GET "/assets/lib/magnific-popup/dist/magnific-popup.css" for ::1 at 2022-05-01 00:15:38 +0900
  
ActionController::RoutingError (No route matches [GET] "/assets/lib/owl.carousel/dist/assets/owl.carousel.min.css"):
  
  
ActionController::RoutingError (No route matches [GET] "/assets/lib/magnific-popup/dist/magnific-popup.css"):
  
Started GET "/assets/css/style.css" for ::1 at 2022-05-01 00:15:38 +0900
  
ActionController::RoutingError (No route matches [GET] "/assets/css/style.css"):
  
Started GET "/assets/lib/simple-text-rotator/simpletextrotator.css" for ::1 at 2022-05-01 00:15:38 +0900
  
ActionController::RoutingError (No route matches [GET] "/assets/lib/simple-text-rotator/simpletextrotator.css"):
  
Started GET "/assets/css/colors/default.css" for ::1 at 2022-05-01 00:15:38 +0900
  
ActionController::RoutingError (No route matches [GET] "/assets/css/colors/default.css"):
  
Started GET "/assets/lib/jquery/dist/jquery.js" for ::1 at 2022-05-01 00:15:39 +0900
  
ActionController::RoutingError (No route matches [GET] "/assets/lib/jquery/dist/jquery.js"):
  
Started GET "/assets/lib/wow/dist/wow.js" for ::1 at 2022-05-01 00:15:39 +0900
Started GET "/assets/lib/jquery.mb.ytplayer/dist/jquery.mb.YTPlayer.js" for ::1 at 2022-05-01 00:15:39 +0900
  
ActionController::RoutingError (No route matches [GET] "/assets/lib/wow/dist/wow.js"):
  
  
ActionController::RoutingError (No route matches [GET] "/assets/lib/jquery.mb.ytplayer/dist/jquery.mb.YTPlayer.js"):
  
Started GET "/assets/lib/bootstrap/dist/js/bootstrap.min.js" for ::1 at 2022-05-01 00:15:39 +0900
  
ActionController::RoutingError (No route matches [GET] "/assets/lib/bootstrap/dist/js/bootstrap.min.js"):
  
Started GET "/assets/lib/isotope/dist/isotope.pkgd.js" for ::1 at 2022-05-01 00:15:39 +0900
  
ActionController::RoutingError (No route matches [GET] "/assets/lib/isotope/dist/isotope.pkgd.js"):
  
Started GET "/assets/images/team-1.jpg" for ::1 at 2022-05-01 00:15:40 +0900
  
ActionController::RoutingError (No route matches [GET] "/assets/images/team-1.jpg"):
  
Started GET "/assets/images/team-3.jpg" for ::1 at 2022-05-01 00:15:40 +0900
  
ActionController::RoutingError (No route matches [GET] "/assets/images/team-3.jpg"):
  
Started GET "/assets/lib/imagesloaded/imagesloaded.pkgd.js" for ::1 at 2022-05-01 00:15:40 +0900
Started GET "/assets/lib/flexslider/jquery.flexslider.js" for ::1 at 2022-05-01 00:15:40 +0900
  
ActionController::RoutingError (No route matches [GET] "/assets/lib/flexslider/jquery.flexslider.js"):
  
  
ActionController::RoutingError (No route matches [GET] "/assets/lib/imagesloaded/imagesloaded.pkgd.js"):
  
Started GET "/assets/lib/owl.carousel/dist/owl.carousel.min.js" for ::1 at 2022-05-01 00:15:40 +0900
  
ActionController::RoutingError (No route matches [GET] "/assets/lib/owl.carousel/dist/owl.carousel.min.js"):
  
Started GET "/assets/lib/simple-text-rotator/jquery.simple-text-rotator.min.js" for ::1 at 2022-05-01 00:15:41 +0900
Started GET "/assets/images/team-4.jpg" for ::1 at 2022-05-01 00:15:41 +0900
  
ActionController::RoutingError (No route matches [GET] "/assets/images/team-4.jpg"):
  
  
ActionController::RoutingError (No route matches [GET] "/assets/lib/simple-text-rotator/jquery.simple-text-rotator.min.js"):
  
Started GET "/assets/js/main.js" for ::1 at 2022-05-01 00:15:41 +0900
  
ActionController::RoutingError (No route matches [GET] "/assets/js/main.js"):
  
Started GET "/" for ::1 at 2022-05-01 00:23:02 +0900
  [1m[35m (0.9ms)[0m  [1m[34mSELECT sqlite_version(*)[0m
Processing by TopController#index as HTML
  Rendering layout layouts/application.html.erb
  Rendering top/index.html.erb within layouts/application
  Rendered top/index.html.erb within layouts/application (Duration: 4.1ms | Allocations: 1059)
[Webpacker] Compiling...
[Webpacker] Compiled all packs in /Users/kuuuuu/Desktop/application/Yaeh/public/packs
[Webpacker] Hash: c9a872af3875fc21835a
Version: webpack 4.46.0
Time: 4919ms
Built at: 2022/05/01 0:23:10
                                     Asset       Size       Chunks                         Chunk Names
    js/application-c2b3470877998584fa0a.js   1.66 MiB  application  [emitted] [immutable]  application
js/application-c2b3470877998584fa0a.js.map   1.78 MiB  application  [emitted] [dev]        application
                             manifest.json  364 bytes               [emitted]              
Entrypoint application = js/application-c2b3470877998584fa0a.js js/application-c2b3470877998584fa0a.js.map
[./app/javascript/channels sync recursive _channel\.js$] ./app/javascript/channels sync _channel\.js$ 160 bytes {application} [built]
[./app/javascript/channels/index.js] 211 bytes {application} [built]
[./app/javascript/packs/application.js] 512 bytes {application} [built]
[./app/javascript/stylesheets/application.scss] 664 bytes {application} [built]
[./node_modules/css-loader/dist/cjs.js?!./node_modules/postcss-loader/src/index.js?!./node_modules/sass-loader/dist/cjs.js?!./app/javascript/stylesheets/application.scss] ./node_modules/css-loader/dist/cjs.js??ref--6-1!./node_modules/postcss-loader/src??ref--6-2!./node_modules/sass-loader/dist/cjs.js??ref--6-3!./app/javascript/stylesheets/application.scss 677 KiB {application} [built]
[./node_modules/webpack/buildin/global.js] (webpack)/buildin/global.js 863 bytes {application} [built]
[./node_modules/webpack/buildin/module.js] (webpack)/buildin/module.js 552 bytes {application} [built]
    + 114 hidden modules

  Rendered layout layouts/application.html.erb (Duration: 7355.8ms | Allocations: 5362)
Completed 200 OK in 7368ms (Views: 7361.4ms | ActiveRecord: 0.0ms | Allocations: 8691)


Started GET "/assets/lib/bootstrap/dist/css/bootstrap.min.css" for ::1 at 2022-05-01 00:23:10 +0900
  
ActionController::RoutingError (No route matches [GET] "/assets/lib/bootstrap/dist/css/bootstrap.min.css"):
  
Started GET "/assets/lib/components-font-awesome/css/font-awesome.min.css" for ::1 at 2022-05-01 00:23:10 +0900
Started GET "/assets/lib/flexslider/flexslider.css" for ::1 at 2022-05-01 00:23:10 +0900
  
ActionController::RoutingError (No route matches [GET] "/assets/lib/components-font-awesome/css/font-awesome.min.css"):
  
Started GET "/assets/lib/owl.carousel/dist/assets/owl.carousel.min.css" for ::1 at 2022-05-01 00:23:10 +0900
Started GET "/assets/lib/et-line-font/et-line-font.css" for ::1 at 2022-05-01 00:23:10 +0900
  
ActionController::RoutingError (No route matches [GET] "/assets/lib/owl.carousel/dist/assets/owl.carousel.min.css"):
  
  
ActionController::RoutingError (No route matches [GET] "/assets/lib/flexslider/flexslider.css"):
  
  
ActionController::RoutingError (No route matches [GET] "/assets/lib/et-line-font/et-line-font.css"):
  
Started GET "/assets/lib/owl.carousel/dist/assets/owl.theme.default.min.css" for ::1 at 2022-05-01 00:23:11 +0900
  
ActionController::RoutingError (No route matches [GET] "/assets/lib/owl.carousel/dist/assets/owl.theme.default.min.css"):
  
Started GET "/assets/lib/magnific-popup/dist/magnific-popup.css" for ::1 at 2022-05-01 00:23:11 +0900
Started GET "/assets/lib/simple-text-rotator/simpletextrotator.css" for ::1 at 2022-05-01 00:23:11 +0900
  
ActionController::RoutingError (No route matches [GET] "/assets/lib/simple-text-rotator/simpletextrotator.css"):
  
  
ActionController::RoutingError (No route matches [GET] "/assets/lib/magnific-popup/dist/magnific-popup.css"):
  
Started GET "/assets/css/style.css" for ::1 at 2022-05-01 00:23:11 +0900
  
ActionController::RoutingError (No route matches [GET] "/assets/css/style.css"):
  
Started GET "/assets/css/colors/default.css" for ::1 at 2022-05-01 00:23:11 +0900
  
ActionController::RoutingError (No route matches [GET] "/assets/css/colors/default.css"):
  
Started GET "/assets/lib/animate.css/animate.css" for ::1 at 2022-05-01 00:23:11 +0900
  
ActionController::RoutingError (No route matches [GET] "/assets/lib/animate.css/animate.css"):
  
Started GET "/assets/lib/bootstrap/dist/js/bootstrap.min.js" for ::1 at 2022-05-01 00:23:12 +0900
  
ActionController::RoutingError (No route matches [GET] "/assets/lib/bootstrap/dist/js/bootstrap.min.js"):
  
Started GET "/assets/lib/wow/dist/wow.js" for ::1 at 2022-05-01 00:23:12 +0900
  
ActionController::RoutingError (No route matches [GET] "/assets/lib/wow/dist/wow.js"):
  
Started GET "/assets/lib/jquery/dist/jquery.js" for ::1 at 2022-05-01 00:23:12 +0900
Started GET "/assets/lib/jquery.mb.ytplayer/dist/jquery.mb.YTPlayer.js" for ::1 at 2022-05-01 00:23:12 +0900
  
ActionController::RoutingError (No route matches [GET] "/assets/lib/jquery/dist/jquery.js"):
  
  
ActionController::RoutingError (No route matches [GET] "/assets/lib/jquery.mb.ytplayer/dist/jquery.mb.YTPlayer.js"):
  
Started GET "/assets/lib/isotope/dist/isotope.pkgd.js" for ::1 at 2022-05-01 00:23:12 +0900
  
ActionController::RoutingError (No route matches [GET] "/assets/lib/isotope/dist/isotope.pkgd.js"):
  
Started GET "/assets/lib/imagesloaded/imagesloaded.pkgd.js" for ::1 at 2022-05-01 00:23:13 +0900
  
ActionController::RoutingError (No route matches [GET] "/assets/lib/imagesloaded/imagesloaded.pkgd.js"):
  
Started GET "/assets/images/team-2.jpg" for ::1 at 2022-05-01 00:23:13 +0900
  
ActionController::RoutingError (No route matches [GET] "/assets/images/team-2.jpg"):
  
Started GET "/assets/images/team-1.jpg" for ::1 at 2022-05-01 00:23:13 +0900
  
ActionController::RoutingError (No route matches [GET] "/assets/images/team-1.jpg"):
  
Started GET "/assets/lib/flexslider/jquery.flexslider.js" for ::1 at 2022-05-01 00:23:13 +0900
  
ActionController::RoutingError (No route matches [GET] "/assets/lib/flexslider/jquery.flexslider.js"):
  
Started GET "/assets/lib/smoothscroll.js" for ::1 at 2022-05-01 00:23:13 +0900
  
ActionController::RoutingError (No route matches [GET] "/assets/lib/smoothscroll.js"):
  
Started GET "/assets/lib/owl.carousel/dist/owl.carousel.min.js" for ::1 at 2022-05-01 00:23:13 +0900
  
ActionController::RoutingError (No route matches [GET] "/assets/lib/owl.carousel/dist/owl.carousel.min.js"):
  
Started GET "/assets/lib/simple-text-rotator/jquery.simple-text-rotator.min.js" for ::1 at 2022-05-01 00:23:13 +0900
  
ActionController::RoutingError (No route matches [GET] "/assets/lib/simple-text-rotator/jquery.simple-text-rotator.min.js"):
  
Started GET "/assets/images/team-4.jpg" for ::1 at 2022-05-01 00:23:14 +0900
  
ActionController::RoutingError (No route matches [GET] "/assets/images/team-4.jpg"):
  
Started GET "/assets/lib/magnific-popup/dist/jquery.magnific-popup.js" for ::1 at 2022-05-01 00:23:14 +0900
  
ActionController::RoutingError (No route matches [GET] "/assets/lib/magnific-popup/dist/jquery.magnific-popup.js"):
  
Started GET "/assets/images/team-3.jpg" for ::1 at 2022-05-01 00:23:14 +0900
  
ActionController::RoutingError (No route matches [GET] "/assets/images/team-3.jpg"):
  
Started GET "/assets/js/plugins.js" for ::1 at 2022-05-01 00:23:14 +0900
Started GET "/assets/js/main.js" for ::1 at 2022-05-01 00:23:14 +0900
  
ActionController::RoutingError (No route matches [GET] "/assets/js/plugins.js"):
  
  
ActionController::RoutingError (No route matches [GET] "/assets/js/main.js"):
  
Started GET "/assets/images/rp-2.jpg" for ::1 at 2022-05-01 00:23:14 +0900
  
ActionController::RoutingError (No route matches [GET] "/assets/images/rp-2.jpg"):
  
Started GET "/assets/images/rp-1.jpg" for ::1 at 2022-05-01 00:23:15 +0900
  
ActionController::RoutingError (No route matches [GET] "/assets/images/rp-1.jpg"):
  
Started GET "/" for ::1 at 2022-05-01 00:23:32 +0900
Processing by TopController#index as HTML
  Rendering layout layouts/application.html.erb
  Rendering top/index.html.erb within layouts/application
  Rendered top/index.html.erb within layouts/application (Duration: 0.1ms | Allocations: 43)
[Webpacker] Everything's up-to-date. Nothing to do
  Rendered layout layouts/application.html.erb (Duration: 14.9ms | Allocations: 2451)
Completed 200 OK in 16ms (Views: 15.6ms | ActiveRecord: 0.0ms | Allocations: 2841)


Started GET "/assets/lib/bootstrap/dist/css/bootstrap.min.css" for ::1 at 2022-05-01 00:23:32 +0900
  
ActionController::RoutingError (No route matches [GET] "/assets/lib/bootstrap/dist/css/bootstrap.min.css"):
  
Started GET "/assets/lib/components-font-awesome/css/font-awesome.min.css" for ::1 at 2022-05-01 00:23:32 +0900
Started GET "/assets/lib/et-line-font/et-line-font.css" for ::1 at 2022-05-01 00:23:32 +0900
Started GET "/assets/lib/flexslider/flexslider.css" for ::1 at 2022-05-01 00:23:32 +0900
  
ActionController::RoutingError (No route matches [GET] "/assets/lib/et-line-font/et-line-font.css"):
  
  
ActionController::RoutingError (No route matches [GET] "/assets/lib/components-font-awesome/css/font-awesome.min.css"):
  
  
ActionController::RoutingError (No route matches [GET] "/assets/lib/flexslider/flexslider.css"):
  
Started GET "/assets/lib/animate.css/animate.css" for ::1 at 2022-05-01 00:23:33 +0900
  
ActionController::RoutingError (No route matches [GET] "/assets/lib/animate.css/animate.css"):
  
Started GET "/assets/lib/magnific-popup/dist/magnific-popup.css" for ::1 at 2022-05-01 00:23:33 +0900
Started GET "/assets/lib/owl.carousel/dist/assets/owl.carousel.min.css" for ::1 at 2022-05-01 00:23:33 +0900
Started GET "/assets/css/style.css" for ::1 at 2022-05-01 00:23:33 +0900
Started GET "/assets/lib/owl.carousel/dist/assets/owl.theme.default.min.css" for ::1 at 2022-05-01 00:23:33 +0900
  
ActionController::RoutingError (No route matches [GET] "/assets/lib/magnific-popup/dist/magnific-popup.css"):
  
  
ActionController::RoutingError (No route matches [GET] "/assets/lib/owl.carousel/dist/assets/owl.carousel.min.css"):
  
  
ActionController::RoutingError (No route matches [GET] "/assets/css/style.css"):
  
  
ActionController::RoutingError (No route matches [GET] "/assets/lib/owl.carousel/dist/assets/owl.theme.default.min.css"):
  
Started GET "/assets/lib/jquery/dist/jquery.js" for ::1 at 2022-05-01 00:23:34 +0900
  
ActionController::RoutingError (No route matches [GET] "/assets/lib/jquery/dist/jquery.js"):
  
Started GET "/assets/lib/bootstrap/dist/js/bootstrap.min.js" for ::1 at 2022-05-01 00:23:34 +0900
Started GET "/assets/lib/simple-text-rotator/simpletextrotator.css" for ::1 at 2022-05-01 00:23:34 +0900
  
ActionController::RoutingError (No route matches [GET] "/assets/lib/bootstrap/dist/js/bootstrap.min.js"):
  
  
ActionController::RoutingError (No route matches [GET] "/assets/lib/simple-text-rotator/simpletextrotator.css"):
  
Started GET "/assets/lib/jquery.mb.ytplayer/dist/jquery.mb.YTPlayer.js" for ::1 at 2022-05-01 00:23:34 +0900
Started GET "/assets/css/colors/default.css" for ::1 at 2022-05-01 00:23:34 +0900
  
ActionController::RoutingError (No route matches [GET] "/assets/css/colors/default.css"):
  
  
ActionController::RoutingError (No route matches [GET] "/assets/lib/jquery.mb.ytplayer/dist/jquery.mb.YTPlayer.js"):
  
Started GET "/assets/lib/isotope/dist/isotope.pkgd.js" for ::1 at 2022-05-01 00:23:35 +0900
Started GET "/assets/lib/wow/dist/wow.js" for ::1 at 2022-05-01 00:23:35 +0900
  
ActionController::RoutingError (No route matches [GET] "/assets/lib/wow/dist/wow.js"):
  
  
ActionController::RoutingError (No route matches [GET] "/assets/lib/isotope/dist/isotope.pkgd.js"):
  
Started GET "/assets/lib/imagesloaded/imagesloaded.pkgd.js" for ::1 at 2022-05-01 00:23:35 +0900
Started GET "/assets/images/team-1.jpg" for ::1 at 2022-05-01 00:23:35 +0900
  
ActionController::RoutingError (No route matches [GET] "/assets/lib/imagesloaded/imagesloaded.pkgd.js"):
  
  
ActionController::RoutingError (No route matches [GET] "/assets/images/team-1.jpg"):
  
Started GET "/assets/lib/flexslider/jquery.flexslider.js" for ::1 at 2022-05-01 00:23:35 +0900
  
ActionController::RoutingError (No route matches [GET] "/assets/lib/flexslider/jquery.flexslider.js"):
  
Started GET "/assets/lib/owl.carousel/dist/owl.carousel.min.js" for ::1 at 2022-05-01 00:23:36 +0900
  
ActionController::RoutingError (No route matches [GET] "/assets/lib/owl.carousel/dist/owl.carousel.min.js"):
  
Started GET "/assets/lib/magnific-popup/dist/jquery.magnific-popup.js" for ::1 at 2022-05-01 00:23:36 +0900
Started GET "/assets/images/team-2.jpg" for ::1 at 2022-05-01 00:23:36 +0900
  
ActionController::RoutingError (No route matches [GET] "/assets/lib/magnific-popup/dist/jquery.magnific-popup.js"):
  
  
ActionController::RoutingError (No route matches [GET] "/assets/images/team-2.jpg"):
  
Started GET "/assets/lib/smoothscroll.js" for ::1 at 2022-05-01 00:23:36 +0900
Started GET "/assets/lib/simple-text-rotator/jquery.simple-text-rotator.min.js" for ::1 at 2022-05-01 00:23:36 +0900
  
ActionController::RoutingError (No route matches [GET] "/assets/lib/simple-text-rotator/jquery.simple-text-rotator.min.js"):
  
  
ActionController::RoutingError (No route matches [GET] "/assets/lib/smoothscroll.js"):
  
Started GET "/assets/js/plugins.js" for ::1 at 2022-05-01 00:23:36 +0900
  
ActionController::RoutingError (No route matches [GET] "/assets/js/plugins.js"):
  
Started GET "/assets/js/main.js" for ::1 at 2022-05-01 00:23:36 +0900
  
ActionController::RoutingError (No route matches [GET] "/assets/js/main.js"):
  
Started GET "/assets/images/team-4.jpg" for ::1 at 2022-05-01 00:23:37 +0900
  
ActionController::RoutingError (No route matches [GET] "/assets/images/team-4.jpg"):
  
Started GET "/assets/images/rp-1.jpg" for ::1 at 2022-05-01 00:23:37 +0900
  
ActionController::RoutingError (No route matches [GET] "/assets/images/rp-1.jpg"):
  
Started GET "/assets/images/rp-2.jpg" for ::1 at 2022-05-01 00:23:37 +0900
  
ActionController::RoutingError (No route matches [GET] "/assets/images/rp-2.jpg"):
  
Started GET "/assets/images/team-3.jpg" for ::1 at 2022-05-01 00:23:37 +0900
  
ActionController::RoutingError (No route matches [GET] "/assets/images/team-3.jpg"):
  
Started GET "/" for ::1 at 2022-05-01 00:27:32 +0900
Processing by TopController#index as HTML
  Rendering layout layouts/application.html.erb
  Rendering top/index.html.erb within layouts/application
  Rendered top/index.html.erb within layouts/application (Duration: 6.8ms | Allocations: 1063)
[Webpacker] Everything's up-to-date. Nothing to do
  Rendered layout layouts/application.html.erb (Duration: 45.0ms | Allocations: 3698)
Completed 200 OK in 52ms (Views: 50.1ms | ActiveRecord: 0.0ms | Allocations: 4905)


Started GET "/assets/lib/bootstrap/dist/css/bootstrap.min.css" for ::1 at 2022-05-01 00:27:32 +0900
  
ActionController::RoutingError (No route matches [GET] "/assets/lib/bootstrap/dist/css/bootstrap.min.css"):
  
Started GET "/assets/lib/animate.css/animate.css" for ::1 at 2022-05-01 00:27:32 +0900
Started GET "/assets/lib/et-line-font/et-line-font.css" for ::1 at 2022-05-01 00:27:32 +0900
Started GET "/assets/lib/flexslider/flexslider.css" for ::1 at 2022-05-01 00:27:32 +0900
Started GET "/assets/lib/components-font-awesome/css/font-awesome.min.css" for ::1 at 2022-05-01 00:27:32 +0900
  
ActionController::RoutingError (No route matches [GET] "/assets/lib/components-font-awesome/css/font-awesome.min.css"):
  
  
ActionController::RoutingError (No route matches [GET] "/assets/lib/animate.css/animate.css"):
  
  
ActionController::RoutingError (No route matches [GET] "/assets/lib/flexslider/flexslider.css"):
  
  
ActionController::RoutingError (No route matches [GET] "/assets/lib/et-line-font/et-line-font.css"):
  
Started GET "/assets/lib/owl.carousel/dist/assets/owl.carousel.min.css" for ::1 at 2022-05-01 00:27:33 +0900
Started GET "/assets/lib/owl.carousel/dist/assets/owl.theme.default.min.css" for ::1 at 2022-05-01 00:27:33 +0900
  
ActionController::RoutingError (No route matches [GET] "/assets/lib/owl.carousel/dist/assets/owl.carousel.min.css"):
  
  
ActionController::RoutingError (No route matches [GET] "/assets/lib/owl.carousel/dist/assets/owl.theme.default.min.css"):
  
Started GET "/assets/css/style.css" for ::1 at 2022-05-01 00:27:33 +0900
Started GET "/assets/lib/magnific-popup/dist/magnific-popup.css" for ::1 at 2022-05-01 00:27:33 +0900
Started GET "/assets/css/colors/default.css" for ::1 at 2022-05-01 00:27:33 +0900
  
ActionController::RoutingError (No route matches [GET] "/assets/css/style.css"):
  
  
ActionController::RoutingError (No route matches [GET] "/assets/lib/magnific-popup/dist/magnific-popup.css"):
  
  
ActionController::RoutingError (No route matches [GET] "/assets/css/colors/default.css"):
  
Started GET "/assets/lib/simple-text-rotator/simpletextrotator.css" for ::1 at 2022-05-01 00:27:33 +0900
  
ActionController::RoutingError (No route matches [GET] "/assets/lib/simple-text-rotator/simpletextrotator.css"):
  
Started GET "/assets/lib/bootstrap/dist/js/bootstrap.min.js" for ::1 at 2022-05-01 00:27:34 +0900
  
ActionController::RoutingError (No route matches [GET] "/assets/lib/bootstrap/dist/js/bootstrap.min.js"):
  
Started GET "/assets/lib/wow/dist/wow.js" for ::1 at 2022-05-01 00:27:34 +0900
  
ActionController::RoutingError (No route matches [GET] "/assets/lib/wow/dist/wow.js"):
  
Started GET "/assets/lib/jquery.mb.ytplayer/dist/jquery.mb.YTPlayer.js" for ::1 at 2022-05-01 00:27:34 +0900
  
ActionController::RoutingError (No route matches [GET] "/assets/lib/jquery.mb.ytplayer/dist/jquery.mb.YTPlayer.js"):
  
Started GET "/assets/lib/isotope/dist/isotope.pkgd.js" for ::1 at 2022-05-01 00:27:34 +0900
  
ActionController::RoutingError (No route matches [GET] "/assets/lib/isotope/dist/isotope.pkgd.js"):
  
Started GET "/assets/images/portfolio/grid-portfolio1.jpg" for ::1 at 2022-05-01 00:27:34 +0900
  
ActionController::RoutingError (No route matches [GET] "/assets/images/portfolio/grid-portfolio1.jpg"):
  
Started GET "/assets/lib/jquery/dist/jquery.js" for ::1 at 2022-05-01 00:27:35 +0900
  
ActionController::RoutingError (No route matches [GET] "/assets/lib/jquery/dist/jquery.js"):
  
Started GET "/assets/lib/imagesloaded/imagesloaded.pkgd.js" for ::1 at 2022-05-01 00:27:35 +0900
  
ActionController::RoutingError (No route matches [GET] "/assets/lib/imagesloaded/imagesloaded.pkgd.js"):
  
Started GET "/assets/lib/flexslider/jquery.flexslider.js" for ::1 at 2022-05-01 00:27:35 +0900
  
ActionController::RoutingError (No route matches [GET] "/assets/lib/flexslider/jquery.flexslider.js"):
  
Started GET "/assets/lib/smoothscroll.js" for ::1 at 2022-05-01 00:27:35 +0900
  
ActionController::RoutingError (No route matches [GET] "/assets/lib/smoothscroll.js"):
  
Started GET "/assets/lib/magnific-popup/dist/jquery.magnific-popup.js" for ::1 at 2022-05-01 00:27:35 +0900
  
ActionController::RoutingError (No route matches [GET] "/assets/lib/magnific-popup/dist/jquery.magnific-popup.js"):
  
Started GET "/assets/images/team-2.jpg" for ::1 at 2022-05-01 00:27:35 +0900
  
ActionController::RoutingError (No route matches [GET] "/assets/images/team-2.jpg"):
  
Started GET "/assets/images/team-1.jpg" for ::1 at 2022-05-01 00:27:35 +0900
  
ActionController::RoutingError (No route matches [GET] "/assets/images/team-1.jpg"):
  
Started GET "/assets/lib/owl.carousel/dist/owl.carousel.min.js" for ::1 at 2022-05-01 00:27:36 +0900
  
ActionController::RoutingError (No route matches [GET] "/assets/lib/owl.carousel/dist/owl.carousel.min.js"):
  
Started GET "/assets/lib/simple-text-rotator/jquery.simple-text-rotator.min.js" for ::1 at 2022-05-01 00:27:36 +0900
  
ActionController::RoutingError (No route matches [GET] "/assets/lib/simple-text-rotator/jquery.simple-text-rotator.min.js"):
  
Started GET "/assets/js/plugins.js" for ::1 at 2022-05-01 00:27:36 +0900
  
ActionController::RoutingError (No route matches [GET] "/assets/js/plugins.js"):
  
Started GET "/assets/js/main.js" for ::1 at 2022-05-01 00:27:36 +0900
  
ActionController::RoutingError (No route matches [GET] "/assets/js/main.js"):
  
Started GET "/assets/images/portfolio/grid-portfolio5.jpg" for ::1 at 2022-05-01 00:27:36 +0900
  
ActionController::RoutingError (No route matches [GET] "/assets/images/portfolio/grid-portfolio5.jpg"):
  
Started GET "/assets/images/portfolio/grid-portfolio4.jpg" for ::1 at 2022-05-01 00:27:36 +0900
  
ActionController::RoutingError (No route matches [GET] "/assets/images/portfolio/grid-portfolio4.jpg"):
  
Started GET "/assets/images/portfolio/grid-portfolio3.jpg" for ::1 at 2022-05-01 00:27:37 +0900
  
ActionController::RoutingError (No route matches [GET] "/assets/images/portfolio/grid-portfolio3.jpg"):
  
Started GET "/assets/images/team-4.jpg" for ::1 at 2022-05-01 00:27:37 +0900
  
ActionController::RoutingError (No route matches [GET] "/assets/images/team-4.jpg"):
  
Started GET "/assets/images/portfolio/grid-portfolio6.jpg" for ::1 at 2022-05-01 00:27:37 +0900
  
ActionController::RoutingError (No route matches [GET] "/assets/images/portfolio/grid-portfolio6.jpg"):
  
Started GET "/assets/images/rp-1.jpg" for ::1 at 2022-05-01 00:27:37 +0900
  
ActionController::RoutingError (No route matches [GET] "/assets/images/rp-1.jpg"):
  
Started GET "/assets/images/rp-2.jpg" for ::1 at 2022-05-01 00:27:37 +0900
  
ActionController::RoutingError (No route matches [GET] "/assets/images/rp-2.jpg"):
  
Started GET "/assets/images/portfolio/grid-portfolio2.jpg" for ::1 at 2022-05-01 00:27:38 +0900
  
ActionController::RoutingError (No route matches [GET] "/assets/images/portfolio/grid-portfolio2.jpg"):
  
Started GET "/" for ::1 at 2022-05-02 18:00:38 +0900
  [1m[35m (0.8ms)[0m  [1m[34mSELECT sqlite_version(*)[0m
Processing by TopController#index as HTML
  Rendering layout layouts/application.html.erb
  Rendering top/index.html.erb within layouts/application
  Rendered top/index.html.erb within layouts/application (Duration: 109.4ms | Allocations: 4936)
  Rendered layout layouts/application.html.erb (Duration: 109.7ms | Allocations: 5034)
Completed 500 Internal Server Error in 120ms (ActiveRecord: 0.0ms | Allocations: 8292)


  
ActionView::Template::Error (undefined local variable or method `new_user_path' for #<ActionView::Base:0x00000000006658>):
    15: </table>
    16: <br>
    17: 
    18: <%= link_to 'New User', new_user_path, class: 'btn btn-primary btn-sm' %>
    19: 
    20: </div>
  
app/views/top/index.html.erb:18
Started GET "/" for ::1 at 2022-05-02 18:00:50 +0900
Processing by TopController#index as HTML
  Rendering layout layouts/application.html.erb
  Rendering top/index.html.erb within layouts/application
  Rendered top/index.html.erb within layouts/application (Duration: 1.8ms | Allocations: 533)
[Webpacker] Everything's up-to-date. Nothing to do
  Rendered layout layouts/application.html.erb (Duration: 21.3ms | Allocations: 3154)
Completed 200 OK in 28ms (Views: 26.6ms | ActiveRecord: 0.0ms | Allocations: 4417)


